<?xml version="1.0" encoding="UTF-8"?>
<!-- Generated by org.testng.reporters.JUnitXMLReporter -->
<testsuite hostname="Athul-PC" name="Free CRM App TestCases" tests="8" failures="0" timestamp="5 Jul 2020 21:09:34 GMT" time="296.806" errors="0">
  <testcase name="loginPageTiltleTest" time="0.121" classname="com.crm.qa.testcases.LoginPageTest"/>
  <testcase name="verifyHomePageTitleTest" time="0.015" classname="com.crm.qa.testcases.HomePageTest"/>
  <testcase name="contactsPageVerify" time="0.083" classname="com.crm.qa.testcases.ContactsPageTest"/>
  <testcase name="loginTest" time="0.388" classname="com.crm.qa.testcases.LoginPageTest"/>
  <testcase name="verifyUserNameTest" time="1.542" classname="com.crm.qa.testcases.HomePageTest"/>
  <testcase name="createContact" time="17.533" classname="com.crm.qa.testcases.ContactsPageTest"/>
  <testcase name="createContact" time="25.104" classname="com.crm.qa.testcases.ContactsPageTest"/>
  <testcase name="clickContactsLinkTest" time="1.727" classname="com.crm.qa.testcases.HomePageTest"/>
</testsuite> <!-- Free CRM App TestCases -->
