<?xml version="1.0" encoding="UTF-8"?>
<testng-results skipped="0" failed="0" total="8" passed="8">
  <reporter-output>
  </reporter-output>
  <suite name="Free CRM Application Test Automation Suite" duration-ms="296806" started-at="2020-07-05T21:04:36Z" finished-at="2020-07-05T21:09:33Z">
    <groups>
    </groups>
    <test name="Free CRM App TestCases" duration-ms="296806" started-at="2020-07-05T21:04:36Z" finished-at="2020-07-05T21:09:33Z">
      <class name="com.crm.qa.testcases.HomePageTest">
        <test-method status="PASS" signature="setUp()[pri:0, instance:com.crm.qa.testcases.HomePageTest@31ef45e3]" name="setUp" is-config="true" duration-ms="27338" started-at="2020-07-06T02:35:10Z" finished-at="2020-07-06T02:35:38Z">
          <reporter-output>
          </reporter-output>
        </test-method> <!-- setUp -->
        <test-method status="PASS" signature="verifyHomePageTitleTest()[pri:0, instance:com.crm.qa.testcases.HomePageTest@31ef45e3]" name="verifyHomePageTitleTest" duration-ms="15" started-at="2020-07-06T02:35:38Z" finished-at="2020-07-06T02:35:38Z">
          <reporter-output>
          </reporter-output>
        </test-method> <!-- verifyHomePageTitleTest -->
        <test-method status="PASS" signature="tearDown()[pri:0, instance:com.crm.qa.testcases.HomePageTest@31ef45e3]" name="tearDown" is-config="true" duration-ms="0" started-at="2020-07-06T02:35:38Z" finished-at="2020-07-06T02:35:38Z">
          <reporter-output>
          </reporter-output>
        </test-method> <!-- tearDown -->
        <test-method status="PASS" signature="setUp()[pri:0, instance:com.crm.qa.testcases.HomePageTest@31ef45e3]" name="setUp" is-config="true" duration-ms="29265" started-at="2020-07-06T02:36:37Z" finished-at="2020-07-06T02:37:06Z">
          <reporter-output>
          </reporter-output>
        </test-method> <!-- setUp -->
        <test-method status="PASS" signature="verifyUserNameTest()[pri:0, instance:com.crm.qa.testcases.HomePageTest@31ef45e3]" name="verifyUserNameTest" duration-ms="1542" started-at="2020-07-06T02:37:06Z" finished-at="2020-07-06T02:37:08Z">
          <reporter-output>
          </reporter-output>
        </test-method> <!-- verifyUserNameTest -->
        <test-method status="PASS" signature="tearDown()[pri:0, instance:com.crm.qa.testcases.HomePageTest@31ef45e3]" name="tearDown" is-config="true" duration-ms="0" started-at="2020-07-06T02:37:08Z" finished-at="2020-07-06T02:37:08Z">
          <reporter-output>
          </reporter-output>
        </test-method> <!-- tearDown -->
        <test-method status="PASS" signature="setUp()[pri:0, instance:com.crm.qa.testcases.HomePageTest@31ef45e3]" name="setUp" is-config="true" duration-ms="34500" started-at="2020-07-06T02:38:57Z" finished-at="2020-07-06T02:39:31Z">
          <reporter-output>
          </reporter-output>
        </test-method> <!-- setUp -->
        <test-method status="PASS" signature="clickContactsLinkTest()[pri:0, instance:com.crm.qa.testcases.HomePageTest@31ef45e3]" name="clickContactsLinkTest" duration-ms="1727" started-at="2020-07-06T02:39:31Z" finished-at="2020-07-06T02:39:33Z">
          <reporter-output>
          </reporter-output>
        </test-method> <!-- clickContactsLinkTest -->
        <test-method status="PASS" signature="tearDown()[pri:0, instance:com.crm.qa.testcases.HomePageTest@31ef45e3]" name="tearDown" is-config="true" duration-ms="0" started-at="2020-07-06T02:39:33Z" finished-at="2020-07-06T02:39:33Z">
          <reporter-output>
          </reporter-output>
        </test-method> <!-- tearDown -->
      </class> <!-- com.crm.qa.testcases.HomePageTest -->
      <class name="com.crm.qa.testcases.ContactsPageTest">
        <test-method status="PASS" signature="setUp()[pri:0, instance:com.crm.qa.testcases.ContactsPageTest@548e7350]" name="setUp" is-config="true" duration-ms="29849" started-at="2020-07-06T02:35:38Z" finished-at="2020-07-06T02:36:08Z">
          <reporter-output>
          </reporter-output>
        </test-method> <!-- setUp -->
        <test-method status="PASS" signature="contactsPageVerify()[pri:0, instance:com.crm.qa.testcases.ContactsPageTest@548e7350]" name="contactsPageVerify" duration-ms="83" started-at="2020-07-06T02:36:08Z" finished-at="2020-07-06T02:36:08Z">
          <reporter-output>
          </reporter-output>
        </test-method> <!-- contactsPageVerify -->
        <test-method status="PASS" signature="setUp()[pri:0, instance:com.crm.qa.testcases.ContactsPageTest@548e7350]" name="setUp" is-config="true" duration-ms="30760" started-at="2020-07-06T02:37:12Z" finished-at="2020-07-06T02:37:42Z">
          <reporter-output>
          </reporter-output>
        </test-method> <!-- setUp -->
        <test-method status="PASS" signature="createContact(java.lang.String, java.lang.String)[pri:0, instance:com.crm.qa.testcases.ContactsPageTest@548e7350]" name="createContact" duration-ms="17533" started-at="2020-07-06T02:37:42Z" data-provider="getCRMTestData" finished-at="2020-07-06T02:38:00Z">
          <params>
            <param index="0">
              <value>
                <![CDATA[ABC]]>
              </value>
            </param>
            <param index="1">
              <value>
                <![CDATA[DEF]]>
              </value>
            </param>
          </params>
          <reporter-output>
          </reporter-output>
        </test-method> <!-- createContact -->
        <test-method status="PASS" signature="setUp()[pri:0, instance:com.crm.qa.testcases.ContactsPageTest@548e7350]" name="setUp" is-config="true" duration-ms="31736" started-at="2020-07-06T02:38:00Z" finished-at="2020-07-06T02:38:32Z">
          <reporter-output>
          </reporter-output>
        </test-method> <!-- setUp -->
        <test-method status="PASS" signature="createContact(java.lang.String, java.lang.String)[pri:0, instance:com.crm.qa.testcases.ContactsPageTest@548e7350]" name="createContact" duration-ms="25104" started-at="2020-07-06T02:38:32Z" data-provider="getCRMTestData" finished-at="2020-07-06T02:38:57Z">
          <params>
            <param index="0">
              <value>
                <![CDATA[EDC]]>
              </value>
            </param>
            <param index="1">
              <value>
                <![CDATA[RFV]]>
              </value>
            </param>
          </params>
          <reporter-output>
          </reporter-output>
        </test-method> <!-- createContact -->
      </class> <!-- com.crm.qa.testcases.ContactsPageTest -->
      <class name="com.crm.qa.testcases.LoginPageTest">
        <test-method status="PASS" signature="setUp()[pri:0, instance:com.crm.qa.testcases.LoginPageTest@57fffcd7]" name="setUp" is-config="true" duration-ms="33239" started-at="2020-07-06T02:34:36Z" finished-at="2020-07-06T02:35:10Z">
          <reporter-output>
          </reporter-output>
        </test-method> <!-- setUp -->
        <test-method status="PASS" signature="loginPageTiltleTest()[pri:0, instance:com.crm.qa.testcases.LoginPageTest@57fffcd7]" name="loginPageTiltleTest" duration-ms="121" started-at="2020-07-06T02:35:10Z" finished-at="2020-07-06T02:35:10Z">
          <reporter-output>
          </reporter-output>
        </test-method> <!-- loginPageTiltleTest -->
        <test-method status="PASS" signature="tearDown()[pri:0, instance:com.crm.qa.testcases.LoginPageTest@57fffcd7]" name="tearDown" is-config="true" duration-ms="665" started-at="2020-07-06T02:35:10Z" finished-at="2020-07-06T02:35:10Z">
          <reporter-output>
          </reporter-output>
        </test-method> <!-- tearDown -->
        <test-method status="PASS" signature="setUp()[pri:0, instance:com.crm.qa.testcases.LoginPageTest@57fffcd7]" name="setUp" is-config="true" duration-ms="28153" started-at="2020-07-06T02:36:08Z" finished-at="2020-07-06T02:36:36Z">
          <reporter-output>
          </reporter-output>
        </test-method> <!-- setUp -->
        <test-method status="PASS" signature="loginTest()[pri:0, instance:com.crm.qa.testcases.LoginPageTest@57fffcd7]" name="loginTest" duration-ms="388" started-at="2020-07-06T02:36:36Z" finished-at="2020-07-06T02:36:36Z">
          <reporter-output>
          </reporter-output>
        </test-method> <!-- loginTest -->
        <test-method status="PASS" signature="tearDown()[pri:0, instance:com.crm.qa.testcases.LoginPageTest@57fffcd7]" name="tearDown" is-config="true" duration-ms="716" started-at="2020-07-06T02:36:36Z" finished-at="2020-07-06T02:36:37Z">
          <reporter-output>
          </reporter-output>
        </test-method> <!-- tearDown -->
      </class> <!-- com.crm.qa.testcases.LoginPageTest -->
    </test> <!-- Free CRM App TestCases -->
  </suite> <!-- Free CRM Application Test Automation Suite -->
</testng-results>
